{
  "RSpec": {
    "coverage": {
      "/app/app/jobs/chat_response_job.rb": {
        "lines": [
          null,
          null,
          null,
          1,
          1,
          null,
          1,
          null,
          1,
          0,
          0,
          null,
          0,
          null,
          null,
          0,
          null,
          null,
          null,
          0,
          null,
          null,
          0,
          null,
          null,
          0,
          null,
          null,
          null,
          null,
          null,
          null,
          null,
          null,
          0,
          null,
          null,
          null,
          null,
          0,
          0,
          null,
          0,
          null,
          null,
          0,
          0,
          null,
          null,
          0,
          null,
          null,
          null,
          null,
          null,
          null,
          null,
          null,
          null,
          null,
          0,
          0,
          null,
          null,
          0,
          null,
          null,
          null,
          1,
          null,
          1,
          null,
          0,
          null,
          null,
          null,
          null,
          0,
          null,
          null,
          0,
          0,
          0,
          null,
          null,
          null,
          0,
          null,
          null,
          null,
          null,
          null,
          null,
          null,
          null,
          null,
          null,
          null,
          1,
          0,
          null,
          null,
          0,
          null,
          null,
          0,
          null,
          0,
          null,
          0,
          null,
          null,
          null,
          null,
          null,
          null,
          null,
          0,
          null,
          null,
          0,
          null,
          null,
          null,
          1,
          0,
          null,
          0,
          0,
          null,
          null,
          null,
          null,
          0,
          null,
          null,
          null,
          0,
          null,
          null,
          1,
          0,
          null,
          null,
          null,
          null,
          null,
          null,
          null,
          null,
          null,
          null,
          null,
          null,
          null,
          null,
          null,
          null,
          null,
          null,
          1,
          null,
          0,
          null,
          0,
          null,
          null,
          null,
          null,
          null,
          null,
          null,
          0,
          null,
          null,
          null,
          null,
          null,
          null,
          null,
          1,
          null,
          0,
          0,
          null,
          null,
          null,
          null,
          null,
          0,
          null,
          null,
          null,
          null,
          null,
          null,
          null
        ],
        "branches": {
          "[:unless, 0, 78, 4, 78, 55]": {
            "[:else, 1, 78, 4, 78, 55]": 0,
            "[:then, 2, 78, 4, 78, 13]": 0
          },
          "[:if, 3, 82, 6, 95, 9]": {
            "[:then, 4, 83, 8, 83, 14]": 0,
            "[:else, 5, 86, 8, 94, 9]": 0
          },
          "[:if, 6, 126, 4, 126, 79]": {
            "[:then, 7, 126, 4, 126, 54]": 0,
            "[:else, 8, 126, 4, 126, 79]": 0
          },
          "[:if, 9, 183, 4, 195, 7]": {
            "[:then, 10, 184, 6, 188, 7]": 0,
            "[:else, 11, 190, 6, 194, 7]": 0
          }
        }
      },
      "/app/app/models/ai_setting.rb": {
        "lines": [
          1,
          1,
          1,
          1,
          1,
          1,
          null,
          1,
          1,
          1,
          1,
          null,
          1,
          0,
          null,
          null,
          1,
          0,
          0,
          null,
          null,
          1,
          0,
          null,
          null,
          1,
          0,
          null,
          null,
          1,
          0,
          null,
          null,
          1,
          0,
          null,
          0,
          null,
          0,
          null,
          0,
          null,
          0,
          null,
          null,
          null,
          1,
          0,
          null,
          null,
          1,
          0,
          null,
          null,
          0,
          0,
          null,
          null,
          null,
          null,
          1,
          0,
          null,
          null
        ],
        "branches": {
          "[:if, 0, 18, 4, 18, 36]": {
            "[:then, 1, 18, 4, 18, 12]": 0,
            "[:else, 2, 18, 4, 18, 36]": 0
          },
          "[:case, 3, 35, 4, 44, 7]": {
            "[:when, 4, 37, 6, 37, 14]": 0,
            "[:when, 5, 39, 6, 39, 26]": 0,
            "[:when, 6, 41, 6, 41, 26]": 0,
            "[:else, 7, 43, 6, 43, 23]": 0
          },
          "[:if, 8, 55, 4, 57, 7]": {
            "[:then, 9, 56, 6, 56, 49]": 0,
            "[:else, 10, 55, 4, 57, 7]": 0
          }
        }
      },
      "/app/app/models/article.rb": {
        "lines": [
          null,
          null,
          1,
          1,
          1,
          null,
          1,
          1,
          1,
          1,
          null,
          1,
          1,
          null,
          null,
          1,
          0,
          null,
          null,
          null,
          null,
          null,
          1,
          0,
          null,
          null,
          0,
          0,
          0,
          null,
          null,
          null,
          0,
          0,
          0,
          null,
          null,
          null,
          0,
          0,
          null,
          null,
          null,
          0,
          null,
          0,
          null,
          null,
          null,
          1,
          null,
          1,
          null,
          1,
          null,
          0,
          0,
          null,
          null,
          null
        ],
        "branches": {
          "[:\"&.\", 0, 27, 7, 27, 26]": {
            "[:then, 1, 27, 7, 27, 26]": 0,
            "[:else, 2, 27, 7, 27, 26]": 0
          },
          "[:\"&.\", 3, 27, 7, 27, 35]": {
            "[:then, 4, 27, 7, 27, 35]": 0,
            "[:else, 5, 27, 7, 27, 35]": 0
          },
          "[:if, 6, 27, 4, 30, 7]": {
            "[:then, 7, 28, 6, 29, 46]": 0,
            "[:else, 8, 27, 4, 30, 7]": 0
          },
          "[:\"&.\", 9, 33, 7, 33, 26]": {
            "[:then, 10, 33, 7, 33, 26]": 0,
            "[:else, 11, 33, 7, 33, 26]": 0
          },
          "[:if, 12, 33, 4, 36, 7]": {
            "[:then, 13, 34, 6, 35, 46]": 0,
            "[:else, 14, 33, 4, 36, 7]": 0
          },
          "[:if, 15, 39, 4, 41, 7]": {
            "[:then, 16, 40, 6, 40, 84]": 0,
            "[:else, 17, 39, 4, 41, 7]": 0
          },
          "[:if, 18, 56, 4, 58, 7]": {
            "[:then, 19, 57, 6, 57, 36]": 0,
            "[:else, 20, 56, 4, 58, 7]": 0
          }
        }
      },
      "/app/app/validators/embedding_validator.rb": {
        "lines": [
          1,
          null,
          1,
          0,
          null,
          0,
          null,
          null,
          0,
          null,
          0,
          0,
          0,
          0,
          null,
          null,
          null,
          0,
          0,
          0,
          null,
          null,
          null,
          0,
          null,
          null,
          null,
          null
        ],
        "branches": {
          "[:if, 0, 4, 4, 4, 51]": {
            "[:then, 1, 4, 4, 4, 10]": 0,
            "[:else, 2, 4, 4, 4, 51]": 0
          },
          "[:if, 3, 6, 4, 26, 7]": {
            "[:then, 4, 9, 8, 24, 66]": 0,
            "[:else, 5, 6, 4, 26, 7]": 0
          },
          "[:if, 6, 9, 8, 22, 11]": {
            "[:then, 7, 11, 10, 21, 13]": 0,
            "[:else, 8, 9, 8, 22, 11]": 0
          },
          "[:if, 9, 11, 10, 11, 62]": {
            "[:then, 10, 11, 10, 11, 36]": 0,
            "[:else, 11, 11, 10, 11, 62]": 0
          },
          "[:unless, 12, 12, 10, 15, 13]": {
            "[:else, 13, 12, 10, 15, 13]": 0,
            "[:then, 14, 13, 12, 14, 18]": 0
          },
          "[:unless, 15, 19, 10, 21, 13]": {
            "[:else, 16, 19, 10, 21, 13]": 0,
            "[:then, 17, 20, 12, 20, 88]": 0
          }
        }
      },
      "/app/app/models/chapter.rb": {
        "lines": [
          1,
          1,
          null,
          1,
          1,
          1,
          null,
          1,
          1,
          1,
          1,
          1,
          null,
          1,
          1,
          null,
          1,
          0,
          null,
          null,
          1,
          0,
          null,
          null
        ],
        "branches": {}
      },
      "/app/app/models/clause.rb": {
        "lines": [
          1,
          1,
          null,
          1,
          null,
          1,
          1,
          1,
          1,
          1,
          1,
          null,
          1,
          1,
          1,
          null,
          1,
          0,
          null,
          null
        ],
        "branches": {}
      },
      "/app/app/models/conversation.rb": {
        "lines": [
          1,
          1,
          null,
          1,
          1,
          1,
          null,
          1,
          1,
          1,
          null,
          1,
          1,
          1,
          null,
          1,
          0,
          null,
          null,
          1,
          0,
          null,
          null,
          null,
          1,
          0,
          0,
          null,
          0,
          0,
          null,
          null,
          1,
          null,
          1,
          0,
          null,
          null,
          1,
          0,
          null,
          null,
          1,
          0,
          null,
          null,
          1,
          0,
          null,
          0,
          0,
          null,
          null,
          null,
          0,
          0,
          null,
          null,
          null
        ],
        "branches": {
          "[:unless, 0, 27, 4, 27, 61]": {
            "[:else, 1, 27, 4, 27, 61]": 0,
            "[:then, 2, 27, 4, 27, 10]": 0
          },
          "[:if, 3, 30, 4, 30, 51]": {
            "[:then, 4, 30, 4, 30, 29]": 0,
            "[:else, 5, 30, 4, 30, 51]": 0
          },
          "[:if, 6, 40, 4, 40, 56]": {
            "[:then, 7, 40, 4, 40, 39]": 0,
            "[:else, 8, 40, 4, 40, 56]": 0
          },
          "[:if, 9, 44, 4, 44, 45]": {
            "[:then, 10, 44, 4, 44, 29]": 0,
            "[:else, 11, 44, 4, 44, 45]": 0
          },
          "[:unless, 12, 48, 4, 48, 37]": {
            "[:else, 13, 48, 4, 48, 37]": 0,
            "[:then, 14, 48, 4, 48, 10]": 0
          },
          "[:if, 15, 50, 4, 52, 7]": {
            "[:then, 16, 51, 6, 51, 54]": 0,
            "[:else, 17, 50, 4, 52, 7]": 0
          },
          "[:if, 18, 55, 4, 57, 7]": {
            "[:then, 19, 56, 6, 56, 74]": 0,
            "[:else, 20, 55, 4, 57, 7]": 0
          }
        }
      },
      "/app/app/models/edition.rb": {
        "lines": [
          1,
          1,
          null,
          1,
          1,
          1,
          null,
          1,
          1,
          1,
          null,
          1,
          1,
          null,
          1,
          0,
          null,
          null
        ],
        "branches": {}
      },
      "/app/app/models/message.rb": {
        "lines": [
          1,
          1,
          null,
          1,
          1,
          1,
          null,
          1,
          1,
          1,
          1,
          1,
          null,
          1,
          1,
          null,
          1,
          0,
          null,
          null,
          1,
          0,
          null,
          null,
          1,
          null,
          1,
          0,
          null,
          null,
          1,
          null,
          0,
          0,
          null,
          null,
          null
        ],
        "branches": {
          "[:if, 0, 33, 4, 35, 7]": {
            "[:then, 1, 34, 6, 34, 51]": 0,
            "[:else, 2, 33, 4, 35, 7]": 0
          }
        }
      },
      "/app/app/models/prompt_template.rb": {
        "lines": [
          null,
          null,
          null,
          1,
          1,
          1,
          1,
          1,
          null,
          1,
          1,
          1,
          null,
          null,
          1,
          0,
          null,
          0,
          0,
          0,
          null,
          null,
          null,
          0,
          0,
          0,
          null,
          null,
          0,
          null,
          null,
          null,
          1,
          0,
          null,
          null,
          null,
          0,
          null,
          null,
          null,
          null,
          null,
          0,
          null,
          null,
          null,
          1,
          0,
          null,
          0,
          null,
          0,
          null,
          null,
          null,
          null,
          1,
          0,
          null,
          null,
          null,
          1,
          0,
          null,
          null,
          0,
          0,
          null,
          null,
          null,
          0,
          0,
          null,
          0,
          0,
          null,
          null,
          0,
          null,
          null,
          null,
          1,
          null,
          0,
          null,
          null,
          null,
          null,
          null,
          null,
          1,
          null,
          1,
          0,
          null,
          0,
          null,
          0,
          null,
          0,
          null,
          0,
          null,
          null,
          null,
          null,
          1,
          null,
          null,
          0,
          null,
          null,
          null,
          null,
          null,
          null,
          null,
          null,
          null,
          null,
          null,
          null,
          null,
          null,
          null,
          null,
          null,
          null,
          0,
          0,
          null,
          null,
          null,
          null,
          null,
          null,
          null,
          null,
          1,
          0,
          null,
          null,
          null,
          null,
          null,
          null,
          null,
          null,
          null,
          null,
          null,
          null,
          null,
          null,
          null,
          1,
          0,
          null,
          null,
          null,
          null,
          null,
          null,
          null,
          null,
          null,
          null,
          null,
          1,
          0,
          null,
          null,
          null,
          null,
          null,
          null,
          null,
          null,
          null
        ],
        "branches": {
          "[:if, 0, 25, 4, 27, 7]": {
            "[:then, 1, 26, 6, 26, 100]": 0,
            "[:else, 2, 25, 4, 27, 7]": 0
          },
          "[:if, 3, 67, 4, 69, 7]": {
            "[:then, 4, 68, 6, 68, 49]": 0,
            "[:else, 5, 67, 4, 69, 7]": 0
          },
          "[:if, 6, 75, 4, 77, 7]": {
            "[:then, 7, 76, 6, 76, 72]": 0,
            "[:else, 8, 75, 4, 77, 7]": 0
          },
          "[:case, 9, 95, 4, 104, 7]": {
            "[:when, 10, 97, 6, 97, 43]": 0,
            "[:when, 11, 99, 6, 99, 26]": 0,
            "[:when, 12, 101, 6, 101, 79]": 0,
            "[:else, 13, 103, 6, 103, 8]": 0
          }
        }
      },
      "/app/app/models/regulation.rb": {
        "lines": [
          1,
          1,
          1,
          1,
          null,
          1,
          1,
          1,
          1,
          null,
          1,
          1,
          null,
          1,
          0,
          null,
          null,
          1,
          0,
          null,
          null,
          1,
          0,
          null,
          null
        ],
        "branches": {
          "[:\"&.\", 0, 19, 4, 19, 18]": {
            "[:then, 1, 19, 4, 19, 18]": 0,
            "[:else, 2, 19, 4, 19, 18]": 0
          },
          "[:\"&.\", 3, 23, 4, 23, 20]": {
            "[:then, 4, 23, 4, 23, 20]": 0,
            "[:else, 5, 23, 4, 23, 20]": 0
          },
          "[:\"&.\", 6, 23, 4, 23, 27]": {
            "[:then, 7, 23, 4, 23, 27]": 0,
            "[:else, 8, 23, 4, 23, 27]": 0
          }
        }
      },
      "/app/app/models/search_query.rb": {
        "lines": [
          null,
          null,
          null,
          1,
          1,
          1,
          1,
          null,
          1,
          1,
          1,
          null,
          null,
          1,
          0,
          null,
          null,
          null,
          null,
          null,
          null,
          null,
          null,
          0,
          null,
          null,
          null,
          1,
          0,
          null,
          0,
          null,
          null,
          null,
          null,
          null,
          1,
          0,
          null,
          null,
          0,
          null,
          null,
          null,
          null,
          null,
          null,
          null,
          0,
          null,
          null,
          null,
          null,
          null,
          1,
          0,
          null,
          null,
          0,
          null,
          0,
          null,
          null
        ],
        "branches": {
          "[:unless, 0, 29, 4, 29, 53]": {
            "[:else, 1, 29, 4, 29, 53]": 0,
            "[:then, 2, 29, 4, 29, 27]": 0
          },
          "[:\"&.\", 3, 44, 25, 44, 69]": {
            "[:then, 4, 44, 25, 44, 69]": 0,
            "[:else, 5, 44, 25, 44, 69]": 0
          },
          "[:\"&.\", 6, 45, 25, 45, 66]": {
            "[:then, 7, 45, 25, 45, 66]": 0,
            "[:else, 8, 45, 25, 45, 66]": 0
          }
        }
      },
      "/app/app/models/user.rb": {
        "lines": [
          1,
          1,
          null,
          1,
          null,
          1,
          1,
          1,
          1,
          1,
          null,
          1,
          1,
          1,
          1,
          null,
          1,
          0,
          null,
          null,
          1,
          0,
          null,
          null,
          1,
          0,
          null,
          null,
          null,
          1,
          0,
          null,
          null,
          0,
          null,
          null,
          null,
          null,
          null,
          null,
          null,
          1,
          0,
          null,
          null,
          null,
          1,
          0,
          0,
          null,
          null,
          null,
          1,
          null,
          null,
          null,
          null,
          null,
          null,
          null,
          1,
          null,
          null,
          null,
          null,
          null,
          null,
          1,
          null,
          null,
          null,
          null,
          1,
          null,
          null,
          0,
          null,
          null,
          1,
          null,
          1,
          0,
          null,
          null
        ],
        "branches": {
          "[:unless, 0, 31, 4, 31, 41]": {
            "[:else, 1, 31, 4, 31, 41]": 0,
            "[:then, 2, 31, 4, 31, 16]": 0
          },
          "[:\"&.\", 3, 48, 26, 48, 41]": {
            "[:then, 4, 48, 26, 48, 41]": 0,
            "[:else, 5, 48, 26, 48, 41]": 0
          },
          "[:\"&.\", 6, 49, 4, 49, 32]": {
            "[:then, 7, 49, 4, 49, 32]": 0,
            "[:else, 8, 49, 4, 49, 32]": 0
          },
          "[:if, 9, 49, 4, 49, 45]": {
            "[:then, 10, 49, 35, 49, 39]": 0,
            "[:else, 11, 49, 4, 49, 45]": 0
          }
        }
      },
      "/app/app/controllers/api/search_controller.rb": {
        "lines": [
          null,
          null,
          1,
          null,
          1,
          1,
          null,
          1,
          1,
          1,
          null,
          null,
          1,
          null,
          0,
          null,
          null,
          0,
          null,
          null,
          0,
          null,
          null,
          null,
          null,
          null,
          null,
          null,
          0,
          null,
          0,
          null,
          null,
          0,
          null,
          null,
          null,
          null,
          1,
          null,
          0,
          null,
          null,
          0,
          0,
          null,
          null,
          0,
          null,
          null,
          null,
          null,
          null,
          null,
          null,
          null,
          0,
          null,
          0,
          null,
          null,
          0,
          null,
          null,
          null,
          null,
          1,
          null,
          0,
          null,
          null,
          0,
          0,
          null,
          null,
          0,
          null,
          null,
          null,
          null,
          null,
          null,
          null,
          null,
          0,
          null,
          0,
          null,
          null,
          0,
          null,
          null,
          null,
          null,
          1,
          null,
          0,
          null,
          null,
          0,
          null,
          0,
          0,
          null,
          null,
          null,
          null,
          0,
          null,
          null,
          null,
          null,
          0,
          null,
          null,
          null,
          null,
          null,
          null,
          null,
          null,
          null,
          null,
          null,
          null,
          null,
          null,
          null,
          0,
          0,
          null,
          0,
          null,
          null,
          0,
          null,
          null,
          null,
          null,
          1,
          null,
          null,
          0,
          null,
          null,
          null,
          null,
          null,
          null,
          null,
          null,
          null,
          null,
          null,
          null,
          null,
          null,
          null,
          0,
          null,
          null,
          0,
          0,
          null,
          null,
          null,
          null,
          null,
          null,
          null,
          1,
          null,
          0,
          null,
          null,
          0,
          null,
          0,
          null,
          0,
          0,
          0,
          null,
          0,
          0,
          0,
          null,
          0,
          0,
          null,
          null,
          null,
          0,
          null,
          null,
          null,
          null,
          null,
          null,
          null,
          null,
          0,
          null,
          0,
          null,
          null,
          0,
          null,
          null,
          null,
          null,
          1,
          null,
          0,
          null,
          null,
          null,
          null,
          null,
          0,
          0,
          null,
          0,
          0,
          null,
          null,
          1,
          null,
          null,
          1,
          0,
          null,
          0,
          0,
          null,
          null,
          null,
          0,
          null,
          null,
          0,
          0,
          null,
          null,
          null,
          0,
          null,
          null,
          0,
          null,
          null,
          null,
          1,
          0,
          0,
          0,
          0,
          null,
          null,
          null,
          1,
          null,
          0,
          0,
          null,
          0,
          null,
          0,
          0,
          null,
          null,
          null,
          0,
          null,
          null,
          0,
          0,
          null,
          null,
          null,
          1,
          0,
          null,
          null,
          0,
          null,
          0,
          null,
          null,
          0,
          0,
          0,
          null,
          null,
          0,
          null,
          null,
          null,
          null,
          0,
          null,
          null,
          null,
          1,
          null,
          0,
          null,
          null,
          null,
          null,
          null,
          null,
          null,
          null,
          1,
          null,
          0,
          null,
          null,
          null,
          null,
          null,
          null,
          null,
          1,
          null,
          0,
          null,
          null,
          null,
          null,
          null,
          null,
          null,
          null,
          null,
          null,
          null,
          null,
          null,
          null,
          1,
          null,
          0,
          null,
          null,
          null,
          null,
          null,
          null,
          null,
          null,
          null,
          null,
          null,
          null,
          null,
          null,
          1,
          0,
          null,
          0,
          0,
          0,
          null,
          0,
          null,
          null,
          null,
          null,
          null,
          1,
          0,
          0,
          null,
          null,
          null,
          1,
          0,
          0,
          0,
          null,
          0,
          0,
          null,
          null,
          null,
          0,
          0,
          null,
          0,
          null,
          null,
          null,
          1,
          0,
          0,
          0,
          0,
          0,
          0,
          null,
          null,
          0,
          null,
          null,
          null,
          1,
          0,
          null,
          null,
          null,
          1,
          0,
          null,
          null,
          null,
          null,
          null,
          null,
          null,
          null,
          null,
          0,
          null,
          null,
          null,
          1,
          null,
          0,
          0,
          0,
          0,
          0,
          null,
          null,
          null,
          null,
          1,
          0,
          null,
          null,
          null,
          1,
          null,
          0,
          null,
          null,
          null,
          null,
          null,
          null,
          null,
          1,
          null,
          0,
          0,
          null,
          0,
          null,
          null,
          null,
          null,
          1,
          null,
          0,
          0,
          0,
          null,
          0,
          null,
          null,
          null,
          null,
          1,
          null,
          0,
          0,
          null,
          0,
          null,
          null,
          null,
          null,
          1,
          null,
          null,
          0,
          0,
          0,
          null,
          0,
          null,
          null,
          0,
          null,
          null,
          null,
          null,
          1,
          0,
          0,
          null,
          null,
          0,
          null,
          null,
          null,
          null,
          null,
          null,
          null,
          0,
          0,
          null,
          null,
          null,
          null,
          null,
          0,
          null,
          0,
          null,
          0,
          null,
          0,
          null,
          null,
          0,
          null,
          null,
          null,
          1,
          null,
          0,
          null,
          null,
          null
        ],
        "branches": {
          "[:if, 0, 102, 8, 109, 11]": {
            "[:then, 1, 103, 10, 108, 16]": 0,
            "[:else, 2, 102, 8, 109, 11]": 0
          },
          "[:\"&.\", 3, 129, 24, 129, 50]": {
            "[:then, 4, 129, 24, 129, 50]": 0,
            "[:else, 5, 129, 24, 129, 50]": 0
          },
          "[:\"&.\", 6, 152, 31, 153, 78]": {
            "[:then, 7, 152, 31, 153, 78]": 0,
            "[:else, 8, 152, 31, 153, 78]": 0
          },
          "[:case, 9, 178, 8, 190, 11]": {
            "[:when, 10, 180, 10, 182, 32]": 0,
            "[:when, 11, 184, 10, 186, 32]": 0,
            "[:else, 12, 188, 10, 189, 33]": 0
          },
          "[:if, 13, 220, 23, 220, 115]": {
            "[:then, 14, 220, 92, 220, 101]": 0,
            "[:else, 15, 220, 104, 220, 115]": 0
          },
          "[:if, 16, 223, 20, 223, 76]": {
            "[:then, 17, 223, 50, 223, 53]": 0,
            "[:else, 18, 223, 56, 223, 76]": 0
          },
          "[:\"&.\", 19, 231, 15, 231, 35]": {
            "[:then, 20, 231, 15, 231, 35]": 0,
            "[:else, 21, 231, 15, 231, 35]": 0
          },
          "[:\"&.\", 22, 231, 15, 231, 42]": {
            "[:then, 23, 231, 15, 231, 42]": 0,
            "[:else, 24, 231, 15, 231, 42]": 0
          },
          "[:if, 25, 233, 6, 239, 9]": {
            "[:then, 26, 234, 8, 238, 20]": 0,
            "[:else, 27, 233, 6, 239, 9]": 0
          },
          "[:if, 28, 241, 6, 247, 9]": {
            "[:then, 29, 242, 8, 246, 20]": 0,
            "[:else, 30, 241, 6, 247, 9]": 0
          },
          "[:if, 31, 268, 6, 274, 9]": {
            "[:then, 32, 269, 8, 273, 20]": 0,
            "[:else, 33, 268, 6, 274, 9]": 0
          },
          "[:if, 34, 287, 6, 287, 34]": {
            "[:then, 35, 287, 6, 287, 15]": 0,
            "[:else, 36, 287, 6, 287, 34]": 0
          },
          "[:\"&.\", 37, 306, 16, 306, 36]": {
            "[:then, 38, 306, 16, 306, 36]": 0,
            "[:else, 39, 306, 16, 306, 36]": 0
          },
          "[:\"&.\", 40, 307, 30, 307, 65]": {
            "[:then, 41, 307, 30, 307, 65]": 0,
            "[:else, 42, 307, 30, 307, 65]": 0
          },
          "[:\"&.\", 43, 319, 21, 319, 47]": {
            "[:then, 44, 319, 21, 319, 47]": 0,
            "[:else, 45, 319, 21, 319, 47]": 0
          },
          "[:\"&.\", 46, 320, 21, 320, 47]": {
            "[:then, 47, 320, 21, 320, 47]": 0,
            "[:else, 48, 320, 21, 320, 47]": 0
          },
          "[:unless, 49, 360, 6, 360, 43]": {
            "[:else, 50, 360, 6, 360, 43]": 0,
            "[:then, 51, 360, 6, 360, 15]": 0
          },
          "[:if, 52, 363, 8, 367, 11]": {
            "[:then, 53, 364, 10, 364, 77]": 0,
            "[:else, 54, 366, 10, 366, 16]": 0
          },
          "[:if, 55, 373, 6, 373, 48]": {
            "[:then, 56, 373, 6, 373, 20]": 0,
            "[:else, 57, 373, 6, 373, 48]": 0
          },
          "[:case, 58, 396, 18, 402, 21]": {
            "[:when, 59, 397, 37, 397, 52]": 0,
            "[:when, 60, 398, 37, 398, 61]": 0,
            "[:when, 61, 399, 38, 399, 56]": 0,
            "[:when, 62, 400, 34, 400, 46]": 0,
            "[:else, 63, 401, 23, 401, 31]": 0
          },
          "[:case, 64, 431, 6, 435, 9]": {
            "[:when, 65, 432, 18, 432, 27]": 0,
            "[:when, 66, 433, 18, 433, 26]": 0,
            "[:else, 67, 434, 11, 434, 19]": 0
          },
          "[:if, 68, 489, 8, 493, 11]": {
            "[:then, 69, 490, 10, 490, 80]": 0,
            "[:else, 70, 492, 10, 492, 77]": 0
          },
          "[:if, 71, 513, 6, 518, 9]": {
            "[:then, 72, 514, 8, 517, 9]": 0,
            "[:else, 73, 513, 6, 518, 9]": 0
          },
          "[:case, 74, 520, 20, 527, 23]": {
            "[:when, 75, 522, 22, 522, 32]": 0,
            "[:when, 76, 524, 22, 524, 34]": 0,
            "[:else, 77, 526, 22, 526, 44]": 0
          }
        }
      },
      "/app/app/controllers/sessions_controller.rb": {
        "lines": [
          1,
          1,
          null,
          1,
          null,
          null,
          null,
          1,
          0,
          0,
          null,
          0,
          0,
          0,
          0,
          null,
          null,
          0,
          null,
          0,
          0,
          0,
          0,
          null,
          null,
          0,
          null,
          0,
          null,
          0,
          0,
          null,
          0,
          0,
          null,
          0,
          0,
          null,
          null,
          0,
          null,
          0,
          0,
          null,
          null,
          null,
          1,
          0,
          0,
          0,
          0,
          null,
          0,
          null,
          null,
          0,
          null,
          null,
          1,
          null,
          1,
          0,
          null,
          null
        ],
        "branches": {
          "[:\"&.\", 0, 9, 12, 9, 36]": {
            "[:then, 1, 9, 12, 9, 36]": 0,
            "[:else, 2, 9, 12, 9, 36]": 0
          },
          "[:\"&.\", 3, 9, 12, 9, 43]": {
            "[:then, 4, 9, 12, 9, 43]": 0,
            "[:else, 5, 9, 12, 9, 43]": 0
          },
          "[:if, 6, 12, 4, 16, 7]": {
            "[:then, 7, 13, 6, 15, 12]": 0,
            "[:else, 8, 12, 4, 16, 7]": 0
          },
          "[:\"&.\", 9, 20, 7, 20, 20]": {
            "[:then, 10, 20, 7, 20, 20]": 0,
            "[:else, 11, 20, 7, 20, 20]": 0
          },
          "[:if, 12, 20, 4, 24, 7]": {
            "[:then, 13, 21, 6, 23, 12]": 0,
            "[:else, 14, 20, 4, 24, 7]": 0
          },
          "[:if, 15, 28, 4, 44, 7]": {
            "[:then, 16, 30, 6, 37, 38]": 0,
            "[:else, 17, 40, 6, 43, 48]": 0
          },
          "[:\"&.\", 18, 40, 6, 40, 38]": {
            "[:then, 19, 40, 6, 40, 38]": 0,
            "[:else, 20, 40, 6, 40, 38]": 0
          },
          "[:if, 21, 48, 4, 54, 7]": {
            "[:then, 22, 49, 6, 53, 69]": 0,
            "[:else, 23, 48, 4, 54, 7]": 0
          },
          "[:if, 24, 62, 4, 62, 52]": {
            "[:then, 25, 62, 4, 62, 36]": 0,
            "[:else, 26, 62, 4, 62, 52]": 0
          }
        }
      },
      "/app/app/services/ai_service.rb": {
        "lines": [
          1,
          1,
          1,
          0,
          0,
          null,
          0,
          null,
          null,
          null,
          1,
          0,
          null,
          null,
          1,
          0,
          0,
          null,
          null,
          1,
          0,
          0,
          null,
          0,
          null,
          0,
          null,
          null,
          0,
          0,
          0,
          null,
          0,
          null,
          0,
          null,
          null,
          null,
          1,
          0,
          0,
          0,
          null,
          0,
          null,
          0,
          null,
          0,
          null,
          0,
          null,
          0,
          null,
          null,
          null,
          1,
          0,
          0,
          null,
          0,
          null,
          0,
          null,
          0,
          null,
          0,
          null,
          0,
          null,
          null,
          null,
          1,
          0,
          0,
          null,
          0,
          null,
          null,
          0,
          0,
          null,
          null,
          null,
          null
        ],
        "branches": {
          "[:if, 0, 4, 6, 8, 9]": {
            "[:then, 1, 5, 8, 5, 52]": 0,
            "[:else, 2, 7, 8, 7, 30]": 0
          },
          "[:\"&.\", 3, 17, 6, 17, 23]": {
            "[:then, 4, 17, 6, 17, 23]": 0,
            "[:else, 5, 17, 6, 17, 23]": 0
          },
          "[:\"&.\", 6, 22, 74, 22, 91]": {
            "[:then, 7, 22, 74, 22, 91]": 0,
            "[:else, 8, 22, 74, 22, 91]": 0
          },
          "[:unless, 9, 22, 6, 22, 91]": {
            "[:else, 10, 22, 6, 22, 91]": 0,
            "[:then, 11, 22, 6, 22, 66]": 0
          },
          "[:case, 12, 24, 6, 36, 9]": {
            "[:when, 13, 26, 8, 26, 54]": 0,
            "[:when, 14, 29, 8, 31, 61]": 0,
            "[:when, 15, 33, 8, 33, 54]": 0,
            "[:else, 16, 35, 8, 35, 49]": 0
          },
          "[:\"&.\", 17, 30, 59, 30, 83]": {
            "[:then, 18, 30, 59, 30, 83]": 0,
            "[:else, 19, 30, 59, 30, 83]": 0
          },
          "[:unless, 20, 30, 8, 30, 83]": {
            "[:else, 21, 30, 8, 30, 83]": 0,
            "[:then, 22, 30, 8, 30, 51]": 0
          },
          "[:\"&.\", 23, 42, 74, 42, 91]": {
            "[:then, 24, 42, 74, 42, 91]": 0,
            "[:else, 25, 42, 74, 42, 91]": 0
          },
          "[:unless, 26, 42, 6, 42, 91]": {
            "[:else, 27, 42, 6, 42, 91]": 0,
            "[:then, 28, 42, 6, 42, 66]": 0
          },
          "[:case, 29, 44, 6, 53, 9]": {
            "[:when, 30, 46, 8, 46, 60]": 0,
            "[:when, 31, 48, 8, 48, 63]": 0,
            "[:when, 32, 50, 8, 50, 60]": 0,
            "[:else, 33, 52, 8, 52, 49]": 0
          },
          "[:unless, 34, 58, 6, 58, 29]": {
            "[:else, 35, 58, 6, 58, 29]": 0,
            "[:then, 36, 58, 6, 58, 14]": 0
          },
          "[:case, 37, 60, 6, 69, 9]": {
            "[:when, 38, 62, 8, 62, 65]": 0,
            "[:when, 39, 64, 8, 64, 68]": 0,
            "[:when, 40, 66, 8, 66, 65]": 0,
            "[:else, 41, 68, 8, 68, 9]": 0
          },
          "[:unless, 42, 74, 6, 74, 27]": {
            "[:else, 43, 74, 6, 74, 27]": 0,
            "[:then, 44, 74, 6, 74, 12]": 0
          },
          "[:if, 45, 79, 6, 81, 9]": {
            "[:then, 46, 80, 8, 80, 54]": 0,
            "[:else, 47, 79, 6, 81, 9]": 0
          }
        }
      },
      "/app/app/services/gpt_answer_service.rb": {
        "lines": [
          null,
          null,
          null,
          1,
          1,
          1,
          null,
          1,
          1,
          1,
          1,
          1,
          1,
          null,
          1,
          1,
          1,
          1,
          1,
          null,
          null,
          1,
          0,
          0,
          null,
          null,
          1,
          0,
          null,
          0,
          null,
          0,
          null,
          null,
          null,
          0,
          null,
          null,
          0,
          null,
          null,
          0,
          null,
          null,
          0,
          null,
          null,
          0,
          null,
          null,
          0,
          0,
          null,
          null,
          null,
          1,
          null,
          null,
          1,
          0,
          null,
          null,
          null,
          null,
          null,
          null,
          null,
          null,
          null,
          1,
          null,
          0,
          0,
          null,
          null,
          null,
          1,
          0,
          null,
          0,
          null,
          0,
          null,
          0,
          null,
          0,
          null,
          null,
          null,
          null,
          1,
          null,
          null,
          0,
          null,
          null,
          null,
          null,
          null,
          null,
          null,
          null,
          0,
          null,
          null,
          null,
          null,
          null,
          null,
          null,
          null,
          null,
          null,
          null,
          0,
          null,
          null,
          null,
          1,
          0,
          null,
          0,
          0,
          null,
          null,
          null,
          0,
          null,
          null,
          0,
          null,
          null,
          null,
          1,
          null,
          0,
          0,
          null,
          null,
          null,
          0,
          null,
          null,
          null,
          null,
          null,
          0,
          0,
          0,
          null,
          null,
          null,
          null,
          0,
          0,
          null,
          null,
          null,
          null,
          1,
          null,
          0,
          null,
          null,
          0,
          null,
          null,
          0,
          null,
          null,
          null,
          1,
          null,
          0,
          null,
          null,
          0,
          null,
          0,
          null,
          null,
          null,
          1,
          null,
          0,
          null,
          null,
          null,
          null,
          null,
          null,
          null,
          null,
          null,
          null,
          null,
          null,
          null,
          null,
          null,
          null,
          1,
          0,
          null,
          0,
          null,
          0,
          null,
          null,
          null,
          null,
          null,
          null,
          null,
          null,
          null,
          null,
          1,
          0,
          null,
          null,
          0,
          0,
          0,
          0,
          0,
          null,
          0,
          null,
          null,
          0,
          0,
          null,
          null,
          0,
          0,
          null,
          null,
          null,
          0,
          0,
          null,
          null,
          0,
          0,
          null,
          0,
          null,
          null,
          null,
          1,
          null,
          0,
          0,
          0,
          null,
          0,
          null,
          null,
          null,
          1,
          0,
          null,
          null,
          0,
          null,
          null,
          null,
          null,
          null,
          null,
          null,
          null,
          null,
          null,
          0,
          0,
          null,
          0,
          null,
          null,
          null,
          1,
          0,
          null,
          null,
          null,
          null,
          null,
          null,
          1,
          null,
          0,
          null,
          null,
          null,
          null,
          null,
          null,
          null,
          0,
          null,
          null,
          null,
          null,
          null,
          null,
          null,
          null,
          0,
          null,
          null,
          null,
          null,
          null,
          null,
          null,
          null,
          null
        ],
        "branches": {
          "[:unless, 0, 28, 4, 28, 28]": {
            "[:else, 1, 28, 4, 28, 28]": 0,
            "[:then, 2, 28, 4, 28, 14]": 0
          },
          "[:case, 3, 78, 4, 87, 7]": {
            "[:when, 4, 80, 6, 80, 10]": 0,
            "[:when, 5, 82, 6, 82, 12]": 0,
            "[:when, 6, 84, 6, 84, 10]": 0,
            "[:else, 7, 86, 6, 86, 10]": 0
          },
          "[:unless, 8, 122, 4, 124, 7]": {
            "[:else, 9, 122, 4, 124, 7]": 0,
            "[:then, 10, 123, 6, 123, 44]": 0
          },
          "[:if, 11, 136, 4, 138, 7]": {
            "[:then, 12, 137, 6, 137, 78]": 0,
            "[:else, 13, 136, 4, 138, 7]": 0
          },
          "[:if, 14, 148, 6, 150, 9]": {
            "[:then, 15, 149, 8, 149, 77]": 0,
            "[:else, 16, 148, 6, 150, 9]": 0
          },
          "[:unless, 17, 154, 4, 156, 7]": {
            "[:else, 18, 154, 4, 156, 7]": 0,
            "[:then, 19, 155, 6, 155, 66]": 0
          },
          "[:if, 20, 203, 14, 203, 88]": {
            "[:then, 21, 203, 45, 203, 71]": 0,
            "[:else, 22, 203, 74, 203, 88]": 0
          },
          "[:case, 23, 222, 19, 227, 21]": {
            "[:when, 24, 223, 37, 223, 39]": 0,
            "[:when, 25, 224, 38, 224, 40]": 0,
            "[:when, 26, 225, 39, 225, 41]": 0,
            "[:else, 27, 226, 23, 226, 25]": 0
          },
          "[:if, 28, 235, 4, 237, 7]": {
            "[:then, 29, 236, 6, 236, 17]": 0,
            "[:else, 30, 235, 4, 237, 7]": 0
          },
          "[:if, 31, 277, 4, 277, 75]": {
            "[:then, 32, 277, 4, 277, 49]": 0,
            "[:else, 33, 277, 4, 277, 75]": 0
          }
        }
      },
      "/app/app/services/pgvector_optimizer.rb": {
        "lines": [
          null,
          null,
          null,
          1,
          1,
          1,
          null,
          1,
          1,
          1,
          1,
          1,
          1,
          null,
          1,
          1,
          1,
          1,
          null,
          null,
          1,
          0,
          0,
          null,
          null,
          1,
          0,
          null,
          0,
          null,
          null,
          null,
          0,
          null,
          null,
          0,
          null,
          null,
          0,
          0,
          null,
          0,
          null,
          null,
          0,
          0,
          null,
          null,
          null,
          null,
          1,
          0,
          null,
          0,
          0,
          null,
          0,
          0,
          null,
          0,
          null,
          null,
          1,
          null,
          null,
          1,
          0,
          null,
          0,
          null,
          0,
          null,
          0,
          null,
          0,
          null,
          null,
          null,
          null,
          1,
          0,
          0,
          null,
          0,
          null,
          null,
          null,
          null,
          1,
          0,
          0,
          null,
          0,
          null,
          null,
          null,
          null,
          null,
          null,
          null,
          null,
          null,
          null,
          null,
          null,
          null,
          null,
          null,
          null,
          null,
          null,
          null,
          null,
          null,
          1,
          0,
          null,
          null,
          0,
          0,
          null,
          0,
          null,
          null,
          null,
          null,
          null,
          null,
          null,
          null,
          null,
          null,
          null,
          null,
          null,
          null,
          null,
          null,
          null,
          null,
          null,
          null,
          null,
          null,
          null,
          null,
          null,
          null,
          null,
          null,
          1,
          0,
          null,
          0,
          null,
          0,
          null,
          null,
          null,
          null,
          null,
          null,
          null,
          null,
          null,
          null,
          null,
          null,
          null,
          null,
          null,
          null,
          null,
          null,
          null,
          null,
          null,
          1,
          0,
          null,
          0,
          null,
          0,
          null,
          null,
          null,
          null,
          null,
          null,
          null,
          null,
          null,
          null,
          null,
          null,
          null,
          null,
          null,
          null,
          null,
          null,
          null,
          null,
          null,
          1,
          null,
          0,
          null,
          0,
          null,
          0,
          null,
          0,
          null,
          null,
          null,
          null,
          null,
          null,
          null,
          null,
          null,
          null,
          null,
          null,
          null,
          1,
          0,
          0,
          0,
          0,
          0,
          0,
          0,
          null,
          null,
          0,
          null,
          null,
          null,
          1,
          null,
          0,
          null,
          null,
          null,
          null,
          null,
          null,
          null,
          null,
          null,
          null,
          null,
          null,
          null,
          null,
          null,
          1,
          0,
          null,
          null,
          0,
          null,
          null,
          null,
          null,
          null,
          null,
          null,
          null,
          null,
          null,
          null,
          1,
          0,
          null,
          0,
          null,
          null,
          null,
          null,
          null,
          null,
          null,
          null,
          null,
          1,
          0,
          null,
          0,
          null,
          null,
          null,
          null,
          null,
          null,
          null,
          0,
          null,
          0,
          null,
          null,
          null,
          null,
          0,
          null,
          0,
          null,
          null,
          null,
          0,
          null,
          null,
          null,
          null,
          null,
          null,
          null,
          null
        ],
        "branches": {
          "[:unless, 0, 27, 4, 27, 27]": {
            "[:else, 1, 27, 4, 27, 27]": 0,
            "[:then, 2, 27, 4, 27, 13]": 0
          },
          "[:unless, 3, 52, 4, 52, 24]": {
            "[:else, 4, 52, 4, 52, 24]": 0,
            "[:then, 5, 52, 4, 52, 10]": 0
          },
          "[:case, 6, 67, 4, 76, 7]": {
            "[:when, 7, 69, 6, 69, 24]": 0,
            "[:when, 8, 71, 6, 71, 20]": 0,
            "[:when, 9, 73, 6, 73, 31]": 0,
            "[:else, 10, 75, 6, 75, 24]": 0
          },
          "[:if, 11, 81, 4, 85, 7]": {
            "[:then, 12, 82, 6, 82, 32]": 0,
            "[:else, 13, 84, 6, 84, 29]": 0
          },
          "[:if, 14, 232, 41, 232, 73]": {
            "[:then, 15, 232, 55, 232, 64]": 0,
            "[:else, 16, 232, 67, 232, 73]": 0
          },
          "[:if, 17, 276, 4, 284, 7]": {
            "[:then, 18, 277, 6, 281, 7]": 0,
            "[:else, 19, 276, 4, 284, 7]": 0
          },
          "[:case, 20, 289, 4, 318, 7]": {
            "[:when, 21, 291, 6, 296, 7]": 0,
            "[:when, 22, 298, 6, 303, 7]": 0,
            "[:when, 23, 305, 6, 310, 7]": 0,
            "[:else, 24, 312, 6, 317, 7]": 0
          },
          "[:if, 25, 301, 19, 301, 53]": {
            "[:then, 26, 301, 46, 301, 48]": 0,
            "[:else, 27, 301, 51, 301, 53]": 0
          },
          "[:if, 28, 308, 19, 308, 53]": {
            "[:then, 29, 308, 46, 308, 48]": 0,
            "[:else, 30, 308, 51, 308, 53]": 0
          }
        }
      },
      "/app/app/services/question_embedding_service.rb": {
        "lines": [
          null,
          null,
          null,
          1,
          1,
          1,
          null,
          1,
          1,
          1,
          1,
          null,
          1,
          null,
          null,
          1,
          0,
          0,
          null,
          null,
          1,
          0,
          null,
          0,
          null,
          null,
          null,
          0,
          null,
          null,
          0,
          null,
          null,
          0,
          null,
          0,
          null,
          null,
          0,
          null,
          null,
          null,
          null,
          null,
          null,
          0,
          0,
          null,
          null,
          null,
          1,
          null,
          null,
          1,
          null,
          0,
          null,
          null,
          null,
          null,
          0,
          null,
          null,
          0,
          null,
          null,
          0,
          null,
          null,
          null,
          1,
          null,
          0,
          null,
          0,
          null,
          null,
          0,
          null,
          null,
          null,
          1,
          null,
          0,
          null,
          null,
          null,
          null,
          null,
          0,
          0,
          null,
          0,
          null,
          null,
          null,
          1,
          null,
          0,
          null,
          null,
          null,
          1,
          0,
          null,
          null,
          null,
          null,
          null,
          null,
          null,
          0,
          null,
          0,
          0,
          null,
          null,
          0,
          null,
          null,
          null,
          1,
          null,
          null,
          0,
          0,
          0,
          null,
          0,
          null,
          null,
          null,
          1,
          0,
          null,
          null,
          null,
          null,
          null,
          null,
          1,
          0,
          null,
          null,
          null,
          1,
          0,
          null,
          0,
          null,
          0,
          null,
          0,
          null,
          0,
          null,
          0,
          null,
          0,
          null,
          0,
          null,
          0,
          null,
          0,
          null,
          null,
          null,
          null,
          1,
          0,
          null,
          0,
          null,
          0,
          null,
          0,
          null,
          0,
          null,
          0,
          null,
          null,
          null,
          null,
          1,
          null,
          0,
          null,
          null,
          null,
          null,
          null,
          null,
          null
        ],
        "branches": {
          "[:unless, 0, 22, 4, 22, 28]": {
            "[:else, 1, 22, 4, 22, 28]": 0,
            "[:then, 2, 22, 4, 22, 14]": 0
          },
          "[:if, 3, 64, 4, 64, 73]": {
            "[:then, 4, 64, 4, 64, 45]": 0,
            "[:else, 5, 64, 4, 64, 73]": 0
          },
          "[:unless, 6, 73, 4, 76, 7]": {
            "[:else, 7, 73, 4, 76, 7]": 0,
            "[:then, 8, 75, 6, 75, 59]": 0
          },
          "[:\"&.\", 9, 114, 11, 114, 39]": {
            "[:then, 10, 114, 11, 114, 39]": 0,
            "[:else, 11, 114, 11, 114, 39]": 0
          },
          "[:unless, 12, 114, 4, 116, 7]": {
            "[:else, 13, 114, 4, 116, 7]": 0,
            "[:then, 14, 115, 6, 115, 139]": 0
          },
          "[:\"&.\", 15, 115, 78, 115, 99]": {
            "[:then, 16, 115, 78, 115, 99]": 0,
            "[:else, 17, 115, 78, 115, 99]": 0
          },
          "[:\"&.\", 18, 115, 115, 115, 137]": {
            "[:then, 19, 115, 115, 115, 137]": 0,
            "[:else, 20, 115, 115, 115, 137]": 0
          },
          "[:case, 21, 149, 4, 166, 7]": {
            "[:when, 22, 151, 6, 151, 11]": 0,
            "[:when, 23, 153, 6, 153, 10]": 0,
            "[:when, 24, 155, 6, 155, 11]": 0,
            "[:when, 25, 157, 6, 157, 12]": 0,
            "[:when, 26, 159, 6, 159, 10]": 0,
            "[:when, 27, 161, 6, 161, 10]": 0,
            "[:when, 28, 163, 6, 163, 15]": 0,
            "[:else, 29, 165, 6, 165, 14]": 0
          },
          "[:case, 30, 173, 4, 182, 7]": {
            "[:when, 31, 175, 6, 175, 13]": 0,
            "[:when, 32, 177, 6, 177, 13]": 0,
            "[:when, 33, 179, 6, 179, 14]": 0,
            "[:else, 34, 181, 6, 181, 19]": 0
          }
        }
      },
      "/app/app/services/rag_prompt_service.rb": {
        "lines": [
          null,
          null,
          null,
          1,
          1,
          1,
          null,
          1,
          1,
          1,
          1,
          1,
          1,
          null,
          1,
          1,
          1,
          1,
          null,
          null,
          1,
          0,
          0,
          null,
          null,
          1,
          0,
          null,
          null,
          0,
          null,
          null,
          null,
          null,
          null,
          null,
          1,
          null,
          null,
          1,
          0,
          null,
          null,
          null,
          null,
          null,
          null,
          null,
          null,
          null,
          null,
          null,
          0,
          0,
          null,
          null,
          null,
          null,
          null,
          null,
          null,
          null,
          null,
          0,
          null,
          0,
          null,
          null,
          null,
          1,
          0,
          0,
          null,
          null,
          0,
          null,
          null,
          null,
          null,
          null,
          null,
          1,
          0,
          null,
          0,
          0,
          null,
          0,
          null,
          null,
          null,
          null,
          null,
          null,
          null,
          1,
          0,
          null,
          null,
          null,
          null,
          null,
          null,
          null,
          null,
          1,
          0,
          null,
          null,
          0,
          null,
          null,
          0,
          0,
          null,
          0,
          0,
          null,
          0,
          0,
          0,
          null,
          0,
          null,
          null,
          null,
          0,
          null,
          null,
          null,
          1,
          0,
          0,
          null,
          null,
          0,
          null,
          null,
          null,
          1,
          0,
          0,
          0,
          0,
          0,
          0,
          null,
          null,
          0,
          null,
          0,
          0,
          0,
          0,
          0,
          0,
          null,
          0,
          null,
          null,
          null,
          1,
          0,
          null,
          null,
          0,
          null,
          0,
          0,
          null,
          null,
          0,
          0,
          null,
          0,
          0,
          null,
          0,
          null,
          null,
          null,
          null,
          null,
          1,
          null,
          0,
          0,
          0,
          null,
          0,
          null,
          null,
          null,
          1,
          0,
          null,
          0,
          null,
          0,
          null,
          0,
          null,
          null,
          null,
          null,
          null,
          null,
          null,
          null,
          null,
          null,
          null,
          null,
          null,
          null,
          null,
          null,
          null,
          0,
          null,
          null,
          null,
          null,
          1,
          0,
          null,
          0,
          null,
          null,
          0,
          null,
          0,
          0,
          0,
          0,
          null,
          null,
          null,
          null,
          1,
          null,
          0,
          null,
          null,
          null,
          null,
          null,
          null,
          null,
          null,
          null,
          null,
          null,
          null,
          1,
          0,
          null,
          null,
          0,
          null,
          null,
          0,
          null,
          null,
          0,
          null,
          0,
          null,
          null,
          null,
          1,
          0,
          null,
          null,
          0,
          null,
          null,
          null,
          null,
          null,
          null,
          1,
          null,
          1,
          0,
          null,
          0,
          null,
          null,
          1,
          0,
          null,
          0,
          0,
          null,
          null,
          1,
          0,
          null,
          0,
          null,
          null,
          1,
          null,
          0,
          0,
          0,
          null,
          null,
          0,
          null,
          null
        ],
        "branches": {
          "[:unless, 0, 27, 4, 27, 28]": {
            "[:else, 1, 27, 4, 27, 28]": 0,
            "[:then, 2, 27, 4, 27, 14]": 0
          },
          "[:if, 3, 53, 4, 61, 7]": {
            "[:then, 4, 54, 6, 54, 30]": 0,
            "[:else, 5, 53, 4, 61, 7]": 0
          },
          "[:if, 6, 83, 4, 83, 38]": {
            "[:then, 7, 83, 4, 83, 13]": 0,
            "[:else, 8, 83, 4, 83, 38]": 0
          },
          "[:if, 9, 107, 14, 107, 88]": {
            "[:then, 10, 107, 45, 107, 71]": 0,
            "[:else, 11, 107, 74, 107, 88]": 0
          },
          "[:if, 12, 119, 6, 124, 9]": {
            "[:then, 13, 120, 8, 121, 39]": 0,
            "[:else, 14, 123, 8, 123, 13]": 0
          },
          "[:if, 15, 152, 4, 152, 42]": {
            "[:then, 16, 152, 4, 152, 33]": 0,
            "[:else, 17, 152, 4, 152, 42]": 0
          },
          "[:if, 18, 156, 4, 156, 100]": {
            "[:then, 19, 156, 4, 156, 67]": 0,
            "[:else, 20, 156, 4, 156, 100]": 0
          },
          "[:if, 21, 163, 4, 163, 43]": {
            "[:then, 22, 163, 4, 163, 18]": 0,
            "[:else, 23, 163, 4, 163, 43]": 0
          },
          "[:if, 24, 168, 4, 180, 7]": {
            "[:then, 25, 169, 6, 169, 13]": 0,
            "[:else, 26, 172, 6, 179, 9]": 0
          },
          "[:if, 27, 175, 6, 179, 9]": {
            "[:then, 28, 176, 8, 176, 45]": 0,
            "[:else, 29, 178, 8, 178, 17]": 0
          },
          "[:case, 30, 195, 4, 220, 7]": {
            "[:when, 31, 197, 6, 197, 99]": 0,
            "[:when, 32, 199, 6, 199, 124]": 0,
            "[:when, 33, 201, 6, 201, 19]": 0,
            "[:else, 34, 219, 6, 219, 8]": 0
          },
          "[:if, 35, 225, 4, 225, 38]": {
            "[:then, 36, 225, 4, 225, 13]": 0,
            "[:else, 37, 225, 4, 225, 38]": 0
          },
          "[:unless, 38, 256, 4, 256, 34]": {
            "[:else, 39, 256, 4, 256, 34]": 0,
            "[:then, 40, 256, 4, 256, 15]": 0
          },
          "[:if, 41, 285, 4, 285, 49]": {
            "[:then, 42, 285, 4, 285, 12]": 0,
            "[:else, 43, 285, 4, 285, 49]": 0
          },
          "[:if, 44, 291, 4, 291, 39]": {
            "[:then, 45, 291, 4, 291, 12]": 0,
            "[:else, 46, 291, 4, 291, 39]": 0
          },
          "[:if, 47, 298, 4, 298, 50]": {
            "[:then, 48, 298, 4, 298, 12]": 0,
            "[:else, 49, 298, 4, 298, 50]": 0
          },
          "[:\"&.\", 50, 305, 27, 305, 69]": {
            "[:then, 51, 305, 27, 305, 69]": 0,
            "[:else, 52, 305, 27, 305, 69]": 0
          }
        }
      },
      "/app/app/services/vector_search_service.rb": {
        "lines": [
          null,
          null,
          null,
          1,
          1,
          1,
          null,
          1,
          1,
          1,
          1,
          null,
          1,
          null,
          null,
          null,
          null,
          null,
          null,
          null,
          null,
          null,
          1,
          null,
          1,
          0,
          0,
          0,
          0,
          0,
          null,
          null,
          null,
          1,
          0,
          null,
          0,
          0,
          null,
          null,
          null,
          0,
          0,
          null,
          0,
          null,
          null,
          0,
          0,
          null,
          0,
          null,
          null,
          null,
          0,
          null,
          null,
          0,
          null,
          0,
          0,
          null,
          null,
          0,
          0,
          0,
          null,
          null,
          null,
          null,
          1,
          0,
          null,
          0,
          0,
          null,
          null,
          null,
          0,
          null,
          null,
          0,
          null,
          null,
          0,
          null,
          null,
          0,
          null,
          null,
          0,
          null,
          null,
          null,
          0,
          null,
          0,
          0,
          null,
          null,
          0,
          0,
          0,
          null,
          null,
          null,
          null,
          1,
          0,
          0,
          null,
          0,
          0,
          null,
          null,
          null,
          0,
          0,
          null,
          null,
          null,
          null,
          null,
          null,
          0,
          null,
          null,
          null,
          0,
          null,
          null,
          null,
          0,
          0,
          0,
          null,
          null,
          null,
          0,
          0,
          null,
          null,
          0,
          0,
          null,
          null,
          null,
          null,
          1,
          0,
          null,
          null,
          1,
          null,
          null,
          1,
          0,
          null,
          null,
          0,
          null,
          0,
          0,
          0,
          null,
          null,
          0,
          0,
          null,
          null,
          0,
          null,
          0,
          0,
          null,
          null,
          null,
          null,
          1,
          0,
          null,
          null,
          null,
          0,
          null,
          null,
          null,
          null,
          null,
          null,
          0,
          null,
          null,
          null,
          null,
          null,
          0,
          null,
          null,
          0,
          null,
          0,
          0,
          null,
          null,
          null,
          null,
          1,
          0,
          null,
          null,
          0,
          null,
          null,
          0,
          null,
          null,
          null,
          null,
          null,
          null,
          null,
          null,
          null,
          null,
          null,
          null,
          null,
          0,
          null,
          null,
          null,
          null,
          null,
          null,
          null,
          null,
          0,
          null,
          null,
          null,
          1,
          0,
          null,
          0,
          0,
          null,
          null,
          0,
          0,
          0,
          null,
          null,
          0,
          null,
          null,
          null,
          null,
          null,
          0,
          null,
          null,
          null,
          1,
          0,
          null,
          0,
          null,
          null,
          null,
          null,
          null,
          null,
          null,
          null,
          null,
          null,
          null,
          null,
          0,
          null,
          null,
          null,
          1,
          0,
          0,
          0,
          null,
          0,
          null,
          null,
          null,
          null,
          1,
          0,
          0,
          0,
          null,
          null,
          null,
          null,
          1,
          0,
          0,
          0,
          null,
          null,
          null,
          null,
          1,
          null,
          0,
          null,
          null,
          null,
          null,
          null,
          null,
          null,
          0,
          0,
          null,
          null,
          null,
          null,
          null,
          null,
          1,
          0,
          0,
          null,
          null,
          0,
          0,
          0,
          0,
          null,
          null,
          null,
          null,
          0,
          0,
          0,
          0,
          null,
          null,
          null,
          0,
          null,
          null,
          null,
          1,
          0,
          0,
          0,
          null,
          null,
          0,
          null,
          0,
          null,
          null,
          null,
          null,
          1,
          0,
          0,
          0,
          null,
          null,
          0,
          0,
          null,
          null,
          0,
          0,
          null,
          0,
          null,
          null,
          null,
          1,
          null,
          0,
          0,
          null,
          null,
          null,
          0,
          0,
          null,
          null,
          null,
          0,
          0,
          null,
          null,
          0,
          null,
          null,
          null,
          1,
          0,
          null,
          0,
          0,
          0,
          null,
          null,
          0,
          0,
          null,
          0,
          0,
          null,
          null,
          0,
          0,
          null,
          null,
          null,
          0,
          null,
          null,
          null,
          null,
          1,
          0,
          0,
          null,
          0,
          null,
          null,
          null,
          null,
          null,
          null,
          null,
          null,
          1,
          0,
          0,
          null,
          null,
          null,
          1,
          null,
          0,
          null,
          null,
          null,
          1,
          null,
          0,
          0,
          0,
          0,
          null,
          null,
          null,
          null,
          1,
          null,
          0,
          null,
          null,
          null,
          null,
          null,
          null,
          null,
          null,
          null,
          1,
          0,
          null,
          null,
          null,
          null,
          null,
          null,
          null,
          null,
          1,
          0,
          null,
          0,
          0,
          null,
          null,
          null,
          1,
          0,
          0,
          null,
          null,
          0,
          0,
          null,
          null,
          null,
          null,
          1,
          0,
          0,
          null,
          null
        ],
        "branches": {
          "[:if, 0, 35, 4, 35, 30]": {
            "[:then, 1, 35, 4, 35, 13]": 0,
            "[:else, 2, 35, 4, 35, 30]": 0
          },
          "[:unless, 3, 43, 6, 43, 39]": {
            "[:else, 4, 43, 6, 43, 39]": 0,
            "[:then, 5, 43, 6, 43, 15]": 0
          },
          "[:if, 6, 48, 17, 52, 20]": {
            "[:then, 7, 49, 19, 49, 67]": 0,
            "[:else, 8, 51, 19, 51, 63]": 0
          },
          "[:if, 9, 72, 4, 72, 30]": {
            "[:then, 10, 72, 4, 72, 13]": 0,
            "[:else, 11, 72, 4, 72, 30]": 0
          },
          "[:\"&.\", 12, 110, 21, 110, 39]": {
            "[:then, 13, 110, 21, 110, 39]": 0,
            "[:else, 14, 110, 21, 110, 39]": 0
          },
          "[:unless, 15, 110, 4, 110, 39]": {
            "[:else, 16, 110, 4, 110, 39]": 0,
            "[:then, 17, 110, 4, 110, 13]": 0
          },
          "[:if, 18, 117, 25, 126, 27]": {
            "[:then, 19, 118, 26, 123, 27]": 0,
            "[:else, 20, 125, 26, 125, 87]": 0
          },
          "[:unless, 21, 162, 6, 165, 9]": {
            "[:else, 22, 162, 6, 165, 9]": 0,
            "[:then, 23, 163, 8, 164, 18]": 0
          },
          "[:if, 24, 246, 4, 246, 32]": {
            "[:then, 25, 246, 4, 246, 13]": 0,
            "[:else, 26, 246, 4, 246, 32]": 0
          },
          "[:if, 27, 286, 16, 286, 72]": {
            "[:then, 28, 286, 40, 286, 46]": 0,
            "[:else, 29, 286, 49, 286, 72]": 0
          },
          "[:if, 30, 320, 24, 320, 70]": {
            "[:then, 31, 320, 50, 320, 64]": 0,
            "[:else, 32, 320, 67, 320, 70]": 0
          },
          "[:if, 33, 321, 23, 321, 70]": {
            "[:then, 34, 321, 50, 321, 64]": 0,
            "[:else, 35, 321, 67, 321, 70]": 0
          },
          "[:unless, 36, 334, 6, 337, 9]": {
            "[:else, 37, 334, 6, 337, 9]": 0,
            "[:then, 38, 335, 8, 336, 31]": 0
          },
          "[:unless, 39, 342, 6, 345, 9]": {
            "[:else, 40, 342, 6, 345, 9]": 0,
            "[:then, 41, 343, 8, 344, 31]": 0
          },
          "[:if, 42, 384, 4, 386, 7]": {
            "[:then, 43, 385, 6, 385, 44]": 0,
            "[:else, 44, 384, 4, 386, 7]": 0
          },
          "[:if, 45, 389, 4, 391, 7]": {
            "[:then, 46, 390, 6, 390, 48]": 0,
            "[:else, 47, 389, 4, 391, 7]": 0
          },
          "[:if, 48, 394, 4, 396, 7]": {
            "[:then, 49, 395, 6, 395, 69]": 0,
            "[:else, 50, 394, 4, 396, 7]": 0
          },
          "[:if, 51, 410, 6, 420, 9]": {
            "[:then, 52, 411, 8, 419, 11]": 0,
            "[:else, 53, 410, 6, 420, 9]": 0
          },
          "[:if, 54, 413, 8, 415, 11]": {
            "[:then, 55, 414, 10, 414, 89]": 0,
            "[:else, 56, 413, 8, 415, 11]": 0
          },
          "[:if, 57, 417, 8, 419, 11]": {
            "[:then, 58, 418, 10, 418, 87]": 0,
            "[:else, 59, 417, 8, 419, 11]": 0
          },
          "[:\"&.\", 60, 432, 23, 432, 56]": {
            "[:then, 61, 432, 23, 432, 56]": 0,
            "[:else, 62, 432, 23, 432, 56]": 0
          },
          "[:\"&.\", 63, 433, 23, 433, 58]": {
            "[:then, 64, 433, 23, 433, 58]": 0,
            "[:else, 65, 433, 23, 433, 58]": 0
          },
          "[:\"&.\", 66, 433, 23, 433, 65]": {
            "[:then, 67, 433, 23, 433, 65]": 0,
            "[:else, 68, 433, 23, 433, 65]": 0
          },
          "[:if, 69, 441, 4, 441, 46]": {
            "[:then, 70, 441, 4, 441, 18]": 0,
            "[:else, 71, 441, 4, 441, 46]": 0
          },
          "[:case, 72, 454, 4, 458, 7]": {
            "[:when, 73, 455, 20, 455, 22]": 0,
            "[:when, 74, 456, 21, 456, 23]": 0,
            "[:else, 75, 457, 9, 457, 11]": 0
          },
          "[:\"&.\", 76, 469, 22, 469, 58]": {
            "[:then, 77, 469, 22, 469, 58]": 0,
            "[:else, 78, 469, 22, 469, 58]": 0
          },
          "[:if, 79, 485, 4, 485, 33]": {
            "[:then, 80, 485, 4, 485, 14]": 0,
            "[:else, 81, 485, 4, 485, 33]": 0
          },
          "[:if, 82, 494, 4, 494, 54]": {
            "[:then, 83, 494, 4, 494, 40]": 0,
            "[:else, 84, 494, 4, 494, 54]": 0
          },
          "[:unless, 85, 504, 4, 504, 33]": {
            "[:else, 86, 504, 4, 504, 33]": 0,
            "[:then, 87, 504, 4, 504, 14]": 0
          }
        }
      },
      "/app/app/workers/embedding_job.rb": {
        "lines": [
          null,
          null,
          null,
          1,
          1,
          null,
          1,
          null,
          null,
          1,
          0,
          null,
          null,
          0,
          null,
          0,
          null,
          null,
          null,
          0,
          null,
          null,
          0,
          null,
          null,
          null,
          null,
          0,
          null,
          null,
          0,
          0,
          null,
          null,
          null,
          1,
          null,
          1,
          null,
          0,
          null,
          null,
          null,
          1,
          null,
          0,
          null,
          null,
          0,
          null,
          null,
          null,
          null,
          null,
          null,
          null,
          0,
          null,
          0,
          0,
          null,
          null,
          0,
          null,
          null,
          1,
          null,
          0,
          null,
          null,
          0,
          0,
          0,
          null,
          null,
          null,
          0,
          0,
          0,
          null,
          null,
          null,
          0,
          0,
          0,
          null,
          null,
          null,
          0,
          null,
          null,
          0,
          0,
          null,
          null,
          1,
          0,
          null,
          null,
          null,
          null,
          null,
          1,
          null,
          0,
          null,
          null
        ],
        "branches": {
          "[:if, 0, 14, 4, 14, 49]": {
            "[:then, 1, 14, 4, 14, 10]": 0,
            "[:else, 2, 14, 4, 14, 49]": 0
          },
          "[:\"&.\", 3, 59, 11, 59, 34]": {
            "[:then, 4, 59, 11, 59, 34]": 0,
            "[:else, 5, 59, 11, 59, 34]": 0
          },
          "[:unless, 6, 59, 4, 61, 7]": {
            "[:else, 7, 59, 4, 61, 7]": 0,
            "[:then, 8, 60, 6, 60, 129]": 0
          },
          "[:\"&.\", 9, 60, 78, 60, 94]": {
            "[:then, 10, 60, 78, 60, 94]": 0,
            "[:else, 11, 60, 78, 60, 94]": 0
          },
          "[:\"&.\", 12, 60, 110, 60, 127]": {
            "[:then, 13, 60, 110, 60, 127]": 0,
            "[:else, 14, 60, 110, 60, 127]": 0
          },
          "[:\"&.\", 15, 71, 7, 71, 34]": {
            "[:then, 16, 71, 7, 71, 34]": 0,
            "[:else, 17, 71, 7, 71, 34]": 0
          },
          "[:\"&.\", 18, 71, 7, 71, 43]": {
            "[:then, 19, 71, 7, 71, 43]": 0,
            "[:else, 20, 71, 7, 71, 43]": 0
          },
          "[:if, 21, 71, 4, 74, 7]": {
            "[:then, 22, 72, 6, 73, 46]": 0,
            "[:else, 23, 71, 4, 74, 7]": 0
          },
          "[:\"&.\", 24, 77, 7, 77, 34]": {
            "[:then, 25, 77, 7, 77, 34]": 0,
            "[:else, 26, 77, 7, 77, 34]": 0
          },
          "[:if, 27, 77, 4, 80, 7]": {
            "[:then, 28, 78, 6, 79, 46]": 0,
            "[:else, 29, 77, 4, 80, 7]": 0
          },
          "[:if, 30, 83, 4, 86, 7]": {
            "[:then, 31, 84, 6, 85, 84]": 0,
            "[:else, 32, 83, 4, 86, 7]": 0
          }
        }
      },
      "/app/app/channels/regulation_import_channel.rb": {
        "lines": [
          null,
          null,
          null,
          0,
          0,
          null,
          0,
          0,
          null,
          0,
          null,
          null,
          0,
          0,
          0,
          0,
          0,
          0,
          null,
          0,
          0,
          0,
          null,
          null,
          0,
          0,
          0,
          null,
          null,
          0,
          null,
          0,
          0,
          0,
          0,
          0,
          0,
          0,
          0,
          0,
          0,
          0,
          0,
          0,
          0,
          null,
          null,
          0,
          0,
          0,
          null,
          null,
          0,
          null,
          0,
          0,
          0,
          0,
          0,
          0,
          0,
          0,
          0,
          0,
          0,
          0,
          null,
          null,
          0,
          0,
          0,
          0,
          0,
          0,
          0,
          0,
          0,
          0,
          0,
          null,
          0,
          0,
          0,
          0,
          0,
          0,
          null,
          0,
          0,
          0,
[...]
          0,
          0,
          0,
          null,
          null,
          0,
          0,
          0,
          0,
          0,
          null,
          null,
          0,
          0,
          0,
          0,
          0,
          null,
          null,
          0,
          0,
          0,
          0,
          0,
          null,
          null,
          0,
          0,
          0,
          0,
          null,
          null,
          0,
          0,
          0,
          0,
          null,
          null,
          0,
          0,
          0,
          0,
          null,
          null,
          0,
          0,
          0,
          0,
          null,
          null,
          0,
          0,
          0,
          0,
          null,
          null,
          0,
          0,
          0,
          0,
          null,
          null,
          0,
          0,
          0,
          0,
          null,
          0,
          0,
          null,
          0,
          0,
          0,
          0,
          0,
          0,
          0,
          null,
          0,
          null,
          0,
          null,
          null,
          0,
          null,
          null,
          0,
          null,
          null,
          0,
          null,
          null,
          0,
          null,
          0,
          null,
          0,
          0,
          0,
          0,
          0,
          0,
          null,
          0,
          0,
          0,
          null,
          0,
          null,
          0,
          0,
          0,
          0,
          0,
          0,
          0,
          0,
          0,
          0,
          0,
          null,
          0,
          0,
          null,
          0,
          0,
          0,
          0,
          0,
          0,
          0,
          0,
          0,
          0,
          0,
          null,
          0,
          0,
          null,
          0,
          0,
          0,
          0,
          0,
          0,
          0,
          0,
          0,
          0,
          null,
          0,
          0,
          null,
          0,
          0,
          0,
          0,
          0,
          0,
          0,
          0,
          0,
          0,
          0,
          null,
          0,
          0,
          0,
          null,
          0,
          0,
          0,
          0,
          0,
          0,
          null,
          null,
          0,
          0,
          0,
          null,
          0,
          0,
          0,
          null,
          0,
          0,
          0,
          0,
          null,
          0,
          0,
          null,
          0,
          0,
          0,
          0,
          0,
          0,
          0,
          0,
          0,
          0,
          null,
          0,
          0,
          null,
          0,
          0,
          0,
          0,
          0,
          0,
          0,
          0,
          0,
          0,
          null,
          0,
          0,
          0,
          null,
          0,
          0,
          0,
          0,
          0,
          null,
          0,
          0,
          0,
          0,
          0,
          null,
          0,
          0,
          null,
          0,
          0,
          null,
          0,
          0,
          null,
          0,
          0,
          null,
          0,
          0,
          0,
          null,
          0,
          0,
          0,
          null,
          0,
          0,
          0,
          0,
          0,
          0,
          null,
          0,
          0,
          0,
          0,
          0,
          null,
          0,
          0,
          0,
          0,
          null,
          0,
          0,
          0,
          null,
          0,
          0,
          0,
          0,
          0,
          0,
          0,
          0,
          0,
          0,
          0,
          0,
          0,
          0,
          0,
          0,
          0,
          0,
          0,
          0,
          0,
          0,
          0,
          0,
          0,
          0,
          null,
          0,
          0,
          0,
          0,
          0,
          0,
          0,
          0,
          0,
          0,
          0,
          0,
          0,
          0,
          0,
          0,
          0,
          null,
          0,
          0,
          null,
          0,
          0,
          null,
          0,
          0,
          0,
          0,
          0,
          0,
          0,
          0,
          0,
          0,
          0,
          0,
          0,
          0,
          0,
          0,
          null,
          0,
          0,
          0,
          null,
          0,
          0,
          0,
          0,
          0,
          0,
          0,
          0,
          0,
          0,
          0,
          0,
          0,
          0,
          0,
          0,
          0,
          0,
          0,
          0,
          0,
          0,
          0,
          0,
          0,
          null,
          0,
          null,
          0,
          null,
          null,
          0,
          0,
          0,
          0,
          0,
          0,
          0,
          0,
          0,
          0,
          0,
          0,
          0,
          0,
          null,
          0,
          0,
          0,
          0,
          0,
          null,
          0,
          0,
          null,
          0,
          0,
          null,
          0,
          0,
          0,
          null,
          0,
          0,
          0,
          0,
          0,
          0,
          0,
          0,
          null,
          0,
          0,
          0,
          0,
          0,
          0,
          0,
          0,
          0,
          0,
          0,
          0,
          0,
          null,
          0,
          0,
          0,
          0,
          0,
          0,
          0,
          0,
          0,
          0,
          0,
          0,
          0,
          null,
          0,
          0,
          0,
          0,
          0,
          0,
          0,
          0,
          0,
          0,
          0,
          0,
          0,
          0,
          0,
          null,
          0,
          0,
          0,
          null,
          0,
          0,
          0,
          0,
          0,
          0,
          0,
          null,
          0,
          null,
          0,
          0,
          0,
          null,
          0,
          0,
          0,
          0,
          0,
          0,
          0,
          null,
          0,
          null,
          0,
          0,
          0,
          null,
          0,
          0,
          0,
          0,
          0,
          0,
          0,
          0,
          0,
          0,
          0,
          0,
          0,
          0,
          0,
          0,
          0,
          null,
          0,
          0,
          0,
          0,
          0,
          0,
          0,
          0,
          0,
          0,
          0,
          0,
          null,
          0,
          0,
          0,
          0,
          0,
          0,
          0,
          null,
          0,
          0,
          0,
          0,
          0,
          0,
          null,
          0,
          0,
          null,
          0,
          0,
          null,
          0,
          0,
          0,
          0,
          0,
          0,
          null,
          0,
          0,
          0,
          0,
          0,
          null,
          0,
          0,
          null,
          0,
          null,
          0,
          null,
          0,
          0,
          0,
          0,
          0,
          0,
          0,
          null,
          0,
          0,
          0,
          0,
          null,
          0,
          0,
          null,
          0,
          0,
          null,
          0,
          0,
          0,
          0,
          0,
          0,
          0,
          null,
          0,
          0,
          0,
          null,
          0,
          0,
          null,
          0,
          0,
          null,
          0,
          0,
          0,
          0,
          0,
          0,
          null,
          0,
          0,
          null,
          0,
          0,
          null,
          0,
          0,
          0,
          0,
          0,
          0,
          0,
          null,
          0,
          0,
          0,
          0,
          0,
          null,
          0,
          0,
          0,
          null,
          0,
          0,
          0,
          null,
          0,
          0,
          0,
          null,
          0,
          0,
          0,
          0,
          null,
          0,
          0,
          0,
          0,
          null,
          0,
          0,
          0,
          null,
          0,
          0,
          0,
          0,
          0,
          0,
          0,
          null,
          0,
          0,
          null,
          null,
          0,
          0,
          null,
          0,
          null,
          0,
          0,
          0,
          null,
          0,
          0,
          0,
          0,
          0,
          0,
          0,
          0,
          0,
          0,
          0,
          0,
          0,
          0,
          0,
          null,
          0,
          null,
          0,
          0,
          null,
          0,
          0,
          null,
          0,
          null,
          0,
          0,
          0,
          0,
          0,
          0,
          0,
          0,
          0,
          0,
          0,
          null,
          0,
          0,
          0,
          0,
          0,
          0,
          0,
          0,
          0,
          0,
          0,
          0,
          0,
          null,
          0,
          0,
          null,
          0,
          0,
          0,
          0
        ],
        "branches": {}
      },
      "/app/lib/services/regulation_parser_service.rb": {
        "lines": [
          null,
          null,
          null,
          0,
          0,
          null,
          0,
          0,
          0,
          0,
          null,
          null,
          0,
          0,
          null,
          null,
          0,
          null,
          0,
          null,
          0,
          null,
          null,
          0,
          null,
          null,
          0,
          0,
          null,
          0,
          null,
          0,
          0,
          0,
          null,
          0,
          0,
          null,
          0,
          0,
          0,
          null,
          null,
          0,
          0,
          null,
          0,
          0,
          0,
          0,
          0,
          0,
          0,
          null,
          null,
          0,
          0,
          null,
          0,
          0,
          0,
          0,
          0,
          0,
          0,
          0,
          null,
          0,
          null,
          0,
          0,
          null,
          0,
          0,
          0,
          null,
          null,
          0,
          0,
          0,
          0,
          0,
          0,
          0,
          0,
          0,
          0,
          null,
          null,
          0,
          0,
          0,
          0,
          null,
          null,
          0,
          0,
          0,
          0,
          null,
          0,
          0,
          0,
          null,
          0,
          0,
          0,
          0,
          0,
          0,
          null,
          null,
          0,
          0,
          0,
          0,
          0,
          0,
          0,
          null,
          0,
          0,
          null,
          0,
          0,
          0,
          null,
          0,
          null,
          null,
          0,
          0,
          0,
          0,
          null,
          null,
          0,
          0,
          0,
          0,
          0,
          null,
          null,
          0,
          0,
          0,
          0,
          0,
          0,
          null,
          0,
          0,
          0,
          0,
          0,
          0,
          0,
          0,
          0,
          0,
          0,
          0,
          0,
          0,
          null,
          0,
          0,
          0,
          0,
          0,
          0,
          0,
          0,
          0,
          null,
          0,
          0,
          0,
          0,
          0,
          0,
          0,
          0,
          0,
          null,
          0,
          0,
          0,
          0,
          0,
          0,
          0,
          0,
          0,
          null,
          0,
          0,
          0,
          0,
          0,
          0,
          0,
          0,
          null,
          0,
          0,
          0,
          0,
          0,
          0,
          0,
          null,
          0,
          0,
          0,
          0,
          0,
          0,
          0,
          null,
          0,
          null,
          0,
          0,
          0,
          0,
          0,
          0,
          0,
          0,
          0
        ],
        "branches": {}
      },
      "/app/lib/services/regulation_retry_handler.rb": {
        "lines": [
          null,
          null,
          null,
          0,
          0,
          null,
          0,
          0,
          null,
          0,
          0,
          0,
          0,
          0,
          0,
          0,
          0,
          0,
          0,
          null,
          null,
          0,
          0,
          0,
          null,
          0,
          0,
          0,
          null,
          0,
          0,
          0,
          null,
          null,
          0,
          0,
          0,
          null,
          0,
          null,
          0,
          0,
          0,
          0,
          null,
          null,
          0,
          0,
          null,
          0,
          0,
          null,
          0,
          0,
          null,
          0,
          0,
          0,
          0,
          0,
          0,
          0,
          null,
          0,
          0,
          0,
          0,
          0,
          null,
          null,
          0,
          0,
          0,
          0,
          0,
          0,
          0,
          0,
          0,
          0,
          0,
          0,
          0,
          0,
          0,
          0,
          0,
          null,
          null,
          0,
          0,
          null,
          0,
          0,
          0,
          0,
          null,
          0,
          null,
          0,
          0,
          0,
          0,
          0,
          0,
          null,
          0,
          0,
          0,
          0,
          0,
          0,
          0,
          0,
          0,
          null,
          0,
          0,
          0,
          null,
          null,
          0,
          0,
          null,
          null,
          0,
          0,
          0,
          0,
          0,
          null,
          null,
          0,
          0,
          0,
          null,
          0,
          0,
          0,
          null,
          0,
          null,
          0,
          0,
          null,
          null,
          0,
          null,
          0,
          0,
          0,
          0,
          0,
          0,
          0,
          null,
          0,
          0,
          0,
          0,
          0,
          0,
          0,
          0,
          null,
          0,
          0,
          null,
          null,
          0,
          0,
          0,
          0,
          0,
          null,
          0,
          null,
          0,
          0,
          0,
          0,
          0,
          0,
          0,
          0,
          0,
          0,
          null,
          0,
          0,
          0,
          0,
          0,
          0,
          0,
          0,
          null,
          0,
          0,
          null,
          null,
          0,
          0,
          null,
          null,
          0,
          0,
          0,
          0,
          0,
          null,
          0,
          0,
          0,
          0,
          0,
          0,
          0,
          0,
          0,
          0,
          null,
          0,
          0,
          0,
          0,
          0,
          0,
          0,
          0,
          null,
          0,
          0,
          null,
          null,
          0,
          0,
          0,
          0,
          0,
          null,
          0,
          0,
          0,
          0,
          0,
          0,
          0,
          0,
          0,
          0,
          null,
          0,
          0,
          0,
          0,
          0,
          0,
          0,
          0,
          null,
          0,
          0,
          null,
          null,
          0,
          0,
          0,
          0,
          0,
          0,
          0,
          null,
          0,
          0,
          0,
          0,
          0,
          0,
          0,
          0,
          0,
          0,
          null,
          0,
          0,
          0,
          0,
          0,
          0,
          0,
          0,
          null,
          0,
          0,
          0,
          0,
          0,
          0,
          0,
          null,
          0,
          0,
          0,
          0,
          0,
          0,
          0,
          0,
          null,
          0,
          null,
          0,
          null,
          0,
          0,
          null,
          0,
          0,
          0,
          null,
          0,
          0,
          0,
          null,
          0,
          null,
          0,
          0,
          0,
          null,
          0,
          0,
          null,
          0,
          null,
          null,
          0,
          0,
          0,
          0,
          0,
          0,
          0,
          0,
          0,
          null,
          0,
          0,
          null,
          0,
          0,
          0,
          0,
          null,
          0,
          0,
          0,
          null,
          0,
          0,
          0,
          null,
          0,
          0,
          0,
          0,
          0,
          null,
          0,
          0,
          0,
          0,
          null,
          0,
          0,
          0,
          0,
          null,
          0,
          0,
          0,
          0,
          0,
          0,
          0,
          0,
          0,
          0,
          0,
          0,
          null,
          0,
          0,
          0,
          0,
          0,
          0,
          0,
          0,
          0,
          0,
          0,
          0,
          null,
          0,
          0,
          0,
          0,
          null,
          0,
          0,
          0,
          0,
          0,
          null,
          0,
          0,
          0,
          0,
          0,
          0,
          0,
          null,
          0,
          0,
          0,
          0,
          null,
          0,
          0,
          null,
          0,
          0,
          0,
          0,
          0,
          0,
          0,
          null,
          0,
          0,
          0,
          0,
          null,
          0,
          0,
          0,
          0,
          0,
          null,
          0,
          0,
          0,
          0,
          0,
          null,
          0,
          0,
          0,
          0,
          0,
          0,
          null,
          0,
          0,
          null,
          0,
          0,
          0,
          0,
          0,
          0,
          null,
          0,
          0,
          0,
          0
        ],
        "branches": {}
      }
    },
    "timestamp": 1752800295
  }
}
